<?xml version="1.0" encoding="UTF-8"?>
<testsuite name="The user enters and change the language" tests="1" skipped="0" failures="0" errors="0" timestamp="2024-02-27T23:10:13" hostname="LAPTOP-MUKU1ITQ" time="11.468">
  <properties/>
  <testcase name="The user change the language" classname="The user enters and change the language" time="11.468"/>
  <system-out><![CDATA[]]></system-out>
  <system-err><![CDATA[feb. 27, 2024 6:10:14 P. M. org.openqa.selenium.remote.DesiredCapabilities chrome
INFORMACIÓN: Using `new ChromeOptions()` is preferred to `DesiredCapabilities.chrome()`
Starting ChromeDriver 122.0.6261.69 (81bc525b6a36d91ed7fe98a4b53c6f53c79adbb2-refs/branch-heads/6261_57@{#3}) on port 30544
Only local connections are allowed.
Please see https://chromedriver.chromium.org/security-considerations for suggestions on keeping ChromeDriver safe.
ChromeDriver was started successfully.
feb. 27, 2024 6:10:16 P. M. org.openqa.selenium.remote.ProtocolHandshake createSession
INFORMACIÓN: Detected dialect: W3C
]]></system-err>
</testsuite>
