<?xml version="1.0" encoding="UTF-8"?>
<!-- Generated by org.testng.reporters.JUnitReportReporter -->
<testsuite hostname="LAPTOP-MUKU1ITQ" failures="0" tests="1" name="TestAmazon" time="6.897" errors="0" timestamp="2024-02-27T17:50:58 COT" skipped="0">
  <testcase classname="TestAmazon" name="companyEmailTest" time="6.897"/>
</testsuite> <!-- TestAmazon -->
